\BOOKMARK [0][-]{section*.1}{\376\377\000C\000o\000n\000t\000e\000n\000t\000s}{}% 1
\BOOKMARK [0][-]{section*.2}{\376\377\000L\000i\000s\000t\000\040\000o\000f\000\040\000F\000i\000g\000u\000r\000e\000s}{}% 2
\BOOKMARK [0][-]{section*.3}{\376\377\000L\000i\000s\000t\000\040\000o\000f\000\040\000T\000a\000b\000l\000e\000s}{}% 3
\BOOKMARK [0][-]{chapter*.4}{\376\377\000I\000n\000t\000r\000o\000d\000u\000c\000t\000i\000o\000n}{}% 4
\BOOKMARK [-1][-]{part.1}{\376\377\000I\000\040\000[\000P\000a\000r\000t\000\040\000T\000i\000t\000l\000e\000]}{}% 5
\BOOKMARK [0][-]{chapter.1}{\376\377\000[\000C\000h\000a\000p\000t\000e\000r\000\040\000T\000i\000t\000l\000e\000]}{part.1}% 6
\BOOKMARK [1][-]{section.1.1}{\376\377\000[\000S\000e\000c\000t\000i\000o\000n\000\040\000T\000i\000t\000l\000e\000]}{chapter.1}% 7
\BOOKMARK [2][-]{subsection.1.1.1}{\376\377\000[\000S\000u\000b\000s\000e\000c\000t\000i\000o\000n\000\040\000T\000i\000t\000l\000e\000]}{section.1.1}% 8
\BOOKMARK [-1][-]{part.2}{\376\377\000I\000I\000\040\000T\000u\000t\000o\000r\000i\000a\000l}{}% 9
\BOOKMARK [0][-]{chapter.2}{\376\377\000F\000o\000r\000m\000a\000t\000t\000i\000n\000g}{part.2}% 10
\BOOKMARK [1][-]{section.2.1}{\376\377\000F\000o\000n\000t\000s}{chapter.2}% 11
\BOOKMARK [1][-]{section.2.2}{\376\377\000N\000o\000t\000e\000s}{chapter.2}% 12
\BOOKMARK [1][-]{section.2.3}{\376\377\000Q\000u\000o\000t\000e\000s}{chapter.2}% 13
\BOOKMARK [1][-]{section.2.4}{\376\377\000L\000i\000s\000t\000s}{chapter.2}% 14
\BOOKMARK [1][-]{section.2.5}{\376\377\000M\000a\000t\000h\000e\000m\000a\000t\000i\000c\000a\000l\000\040\000L\000a\000n\000g\000u\000a\000g\000e}{chapter.2}% 15
\BOOKMARK [2][-]{subsection.2.5.1}{\376\377\000M\000a\000t\000h\000e\000m\000a\000t\000i\000c\000a\000l\000\040\000F\000o\000r\000m\000u\000l\000a\000s}{section.2.5}% 16
\BOOKMARK [1][-]{section.2.6}{\376\377\000F\000i\000g\000u\000r\000e\000s}{chapter.2}% 17
\BOOKMARK [2][-]{subsection.2.6.1}{\376\377\000I\000n\000c\000l\000u\000d\000i\000n\000g\000\040\000I\000m\000a\000g\000e\000s}{section.2.6}% 18
\BOOKMARK [2][-]{subsection.2.6.2}{\376\377\000I\000n\000c\000l\000u\000d\000i\000n\000g\000\040\000T\000a\000b\000l\000e\000s}{section.2.6}% 19
\BOOKMARK [2][-]{subsection.2.6.3}{\376\377\000I\000n\000c\000l\000u\000d\000i\000n\000g\000\040\000D\000i\000a\000g\000r\000a\000m\000s}{section.2.6}% 20
\BOOKMARK [2][-]{subsection.2.6.4}{\376\377\000I\000n\000c\000l\000u\000d\000i\000n\000g\000\040\000C\000o\000d\000e}{section.2.6}% 21
\BOOKMARK [2][-]{subsection.2.6.5}{\376\377\000I\000n\000c\000l\000u\000d\000i\000n\000g\000\040\000C\000h\000e\000m\000i\000s\000t\000r\000y}{section.2.6}% 22
\BOOKMARK [2][-]{subsection.2.6.6}{\376\377\000I\000n\000c\000l\000u\000d\000i\000n\000g\000\040\000C\000i\000r\000c\000u\000i\000t\000s}{section.2.6}% 23
\BOOKMARK [1][-]{section.2.7}{\376\377\000I\000n\000c\000l\000u\000d\000i\000n\000g\000\040\000a\000n\000\040\000A\000r\000t\000i\000c\000l\000e}{chapter.2}% 24
\BOOKMARK [0][-]{chapter*.7}{\376\377\000C\000o\000n\000c\000l\000u\000s\000i\000o\000n}{part.2}% 25
\BOOKMARK [0][-]{chapter*.8}{\376\377\000B\000i\000b\000l\000i\000o\000g\000r\000a\000p\000h\000y}{part.2}% 26
\BOOKMARK [0][-]{appendix*.9}{\376\377\000A\000p\000p\000e\000n\000d\000i\000x\000\040\0001}{part.2}% 27
\BOOKMARK [0][-]{appendix*.10}{\376\377\000A\000p\000p\000e\000n\000d\000i\000x\000\040\0002}{part.2}% 28
\BOOKMARK [0][-]{appendix*.10}{\376\377\000I\000n\000d\000e\000x}{part.2}% 29
